[0.013s] Invoking command in '/home/mickyas/wheeled_quadruped_robot/build/robot_description': CONDA_PROMPT_MODIFIER=(base) /usr/bin/cmake /home/mickyas/wheeled_quadruped_robot/src/robot_description -DCMAKE_INSTALL_PREFIX=/home/mickyas/wheeled_quadruped_robot/install/robot_description
[0.080s] -- The C compiler identification is GNU 11.4.0
[0.150s] -- The CXX compiler identification is GNU 11.4.0
[0.159s] -- Detecting C compiler ABI info
[0.245s] -- Detecting C compiler ABI info - done
[0.253s] -- Check for working C compiler: /usr/bin/cc - skipped
[0.253s] -- Detecting C compile features
[0.254s] -- Detecting C compile features - done
[0.258s] -- Detecting CXX compiler ABI info
[0.357s] -- Detecting CXX compiler ABI info - done
[0.367s] -- Check for working CXX compiler: /usr/bin/c++ - skipped
[0.367s] -- Detecting CXX compile features
[0.367s] -- Detecting CXX compile features - done
[0.370s] -- Found ament_cmake: 1.3.11 (/opt/ros/humble/share/ament_cmake/cmake)
[0.839s] -- Found Python3: /home/mickyas/miniconda3/bin/python3 (found version "3.12.9") found components: Interpreter 
[0.968s] -- Found urdf: 2.6.1 (/opt/ros/humble/share/urdf/cmake)
[1.020s] -- Found ament_lint_auto: 0.12.11 (/opt/ros/humble/share/ament_lint_auto/cmake)
[1.050s] Traceback (most recent call last):
[1.050s]   File "/opt/ros/humble/share/ament_cmake_core/cmake/core/package_xml_2_cmake.py", line 22, in <module>
[1.050s]     from catkin_pkg.package import parse_package_string
[1.050s] ModuleNotFoundError: No module named 'catkin_pkg'
[1.055s] [31mCMake Error at /opt/ros/humble/share/ament_cmake_core/cmake/core/ament_package_xml.cmake:95 (message):
[1.055s]   execute_process(/home/mickyas/miniconda3/bin/python3
[1.055s]   /opt/ros/humble/share/ament_cmake_core/cmake/core/package_xml_2_cmake.py
[1.056s]   /home/mickyas/wheeled_quadruped_robot/src/robot_description/package.xml
[1.056s]   /home/mickyas/wheeled_quadruped_robot/build/robot_description/ament_cmake_core/package.cmake)
[1.056s]   returned error code 1
[1.056s] Call Stack (most recent call first):
[1.056s]   /opt/ros/humble/share/ament_cmake_core/cmake/core/ament_package_xml.cmake:49 (_ament_package_xml)
[1.056s]   /opt/ros/humble/share/ament_lint_auto/cmake/ament_lint_auto_find_test_dependencies.cmake:31 (ament_package_xml)
[1.056s]   CMakeLists.txt:25 (ament_lint_auto_find_test_dependencies)
[1.056s] 
[1.056s] [0m
[1.056s] -- Configuring incomplete, errors occurred!
[1.056s] See also "/home/mickyas/wheeled_quadruped_robot/build/robot_description/CMakeFiles/CMakeOutput.log".
[1.065s] Invoked command in '/home/mickyas/wheeled_quadruped_robot/build/robot_description' returned '1': CONDA_PROMPT_MODIFIER=(base) /usr/bin/cmake /home/mickyas/wheeled_quadruped_robot/src/robot_description -DCMAKE_INSTALL_PREFIX=/home/mickyas/wheeled_quadruped_robot/install/robot_description
